<?xml version="1.0" encoding="UTF-8"?>
<testsuite name="com.example.servise.UserServiceImplTest" time="0.548" tests="5" errors="1" skipped="0" failures="3">
  <properties>
[...]
</properties>
  <testcase name="testGet" classname="com.example.servise.UserServiceImplTest" time="0.306">
    <failure message="&#10;Wanted but not invoked:&#10;userRepositoryMock.findById(1);&#10;-&gt; at com.example.servise.UserServiceImplTest.testGet(UserServiceImplTest.java:46)&#10;&#10;However, there were other interactions with this mock:&#10;userRepositoryMock.findOne(1);&#10;-&gt; at com.example.servise.UserServiceImplTest.testGet(UserServiceImplTest.java:44)&#10;&#10;" type="org.mockito.exceptions.verification.WantedButNotInvoked">org.mockito.exceptions.verification.WantedButNotInvoked: 
Wanted but not invoked:
userRepositoryMock.findById(1);
-> at com.example.servise.UserServiceImplTest.testGet(UserServiceImplTest.java:46)

However, there were other interactions with this mock:
userRepositoryMock.findOne(1);
-> at com.example.servise.UserServiceImplTest.testGet(UserServiceImplTest.java:44)


	at com.example.servise.UserServiceImplTest.testGet(UserServiceImplTest.java:46)
</failure>
  </testcase>
  <testcase name="testGetNotFound" classname="com.example.servise.UserServiceImplTest" time="0.213">
    <failure message="Expected test to throw (an instance of com.example.util.exception.NotFoundException and exception with message a string containing &quot;User with id=1000 is not found&quot;)" type="java.lang.AssertionError">java.lang.AssertionError: Expected test to throw (an instance of com.example.util.exception.NotFoundException and exception with message a string containing "User with id=1000 is not found")
	at org.junit.Assert.fail(Assert.java:88)
	at org.junit.rules.ExpectedException.failDueToMissingException(ExpectedException.java:263)
	at org.junit.rules.ExpectedException.access$200(ExpectedException.java:106)
	at org.junit.rules.ExpectedException$ExpectedExceptionStatement.evaluate(ExpectedException.java:245)
	at org.junit.rules.RunRules.evaluate(RunRules.java:20)
	at org.junit.runners.ParentRunner.runLeaf(ParentRunner.java:325)
	at org.junit.runners.BlockJUnit4ClassRunner.runChild(BlockJUnit4ClassRunner.java:78)
	at org.junit.runners.BlockJUnit4ClassRunner.runChild(BlockJUnit4ClassRunner.java:57)
	at org.junit.runners.ParentRunner$3.run(ParentRunner.java:290)
	at org.junit.runners.ParentRunner$1.schedule(ParentRunner.java:71)
	at org.junit.runners.ParentRunner.runChildren(ParentRunner.java:288)
	at org.junit.runners.ParentRunner.access$000(ParentRunner.java:58)
	at org.junit.runners.ParentRunner$2.evaluate(ParentRunner.java:268)
	at org.junit.runners.ParentRunner.run(ParentRunner.java:363)
	at org.mockito.internal.runners.JUnit45AndHigherRunnerImpl.run(JUnit45AndHigherRunnerImpl.java:37)
	at org.mockito.runners.MockitoJUnitRunner.run(MockitoJUnitRunner.java:62)
	at org.apache.maven.surefire.junit4.JUnit4Provider.execute(JUnit4Provider.java:283)
	at org.apache.maven.surefire.junit4.JUnit4Provider.executeWithRerun(JUnit4Provider.java:173)
	at org.apache.maven.surefire.junit4.JUnit4Provider.executeTestSet(JUnit4Provider.java:153)
	at org.apache.maven.surefire.junit4.JUnit4Provider.invoke(JUnit4Provider.java:128)
	at org.apache.maven.surefire.booter.ForkedBooter.invokeProviderInSameClassLoader(ForkedBooter.java:203)
	at org.apache.maven.surefire.booter.ForkedBooter.runSuitesInProcess(ForkedBooter.java:155)
	at org.apache.maven.surefire.booter.ForkedBooter.main(ForkedBooter.java:103)
</failure>
  </testcase>
  <testcase name="testSave" classname="com.example.servise.UserServiceImplTest" time="0">
    <error type="java.lang.NullPointerException:">java.lang.NullPointerException: null
	at com.example.service.UserServiceImpl.saveUser(UserServiceImpl.java:33)
	at com.example.servise.UserServiceImplTest.testSave(UserServiceImplTest.java:88)
</error>
  </testcase>
  <testcase name="testGetByLoginNotFound" classname="com.example.servise.UserServiceImplTest" time="0.018">
    <failure message="Expected test to throw (an instance of com.example.util.exception.NotFoundException and exception with message a string containing &quot;User with login=anyLogin is not found&quot;)" type="java.lang.AssertionError">java.lang.AssertionError: Expected test to throw (an instance of com.example.util.exception.NotFoundException and exception with message a string containing "User with login=anyLogin is not found")
	at org.junit.Assert.fail(Assert.java:88)
	at org.junit.rules.ExpectedException.failDueToMissingException(ExpectedException.java:263)
	at org.junit.rules.ExpectedException.access$200(ExpectedException.java:106)
	at org.junit.rules.ExpectedException$ExpectedExceptionStatement.evaluate(ExpectedException.java:245)
	at org.junit.rules.RunRules.evaluate(RunRules.java:20)
	at org.junit.runners.ParentRunner.runLeaf(ParentRunner.java:325)
	at org.junit.runners.BlockJUnit4ClassRunner.runChild(BlockJUnit4ClassRunner.java:78)
	at org.junit.runners.BlockJUnit4ClassRunner.runChild(BlockJUnit4ClassRunner.java:57)
	at org.junit.runners.ParentRunner$3.run(ParentRunner.java:290)
	at org.junit.runners.ParentRunner$1.schedule(ParentRunner.java:71)
	at org.junit.runners.ParentRunner.runChildren(ParentRunner.java:288)
	at org.junit.runners.ParentRunner.access$000(ParentRunner.java:58)
	at org.junit.runners.ParentRunner$2.evaluate(ParentRunner.java:268)
	at org.junit.runners.ParentRunner.run(ParentRunner.java:363)
	at org.mockito.internal.runners.JUnit45AndHigherRunnerImpl.run(JUnit45AndHigherRunnerImpl.java:37)
	at org.mockito.runners.MockitoJUnitRunner.run(MockitoJUnitRunner.java:62)
	at org.apache.maven.surefire.junit4.JUnit4Provider.execute(JUnit4Provider.java:283)
	at org.apache.maven.surefire.junit4.JUnit4Provider.executeWithRerun(JUnit4Provider.java:173)
	at org.apache.maven.surefire.junit4.JUnit4Provider.executeTestSet(JUnit4Provider.java:153)
	at org.apache.maven.surefire.junit4.JUnit4Provider.invoke(JUnit4Provider.java:128)
	at org.apache.maven.surefire.booter.ForkedBooter.invokeProviderInSameClassLoader(ForkedBooter.java:203)
	at org.apache.maven.surefire.booter.ForkedBooter.runSuitesInProcess(ForkedBooter.java:155)
	at org.apache.maven.surefire.booter.ForkedBooter.main(ForkedBooter.java:103)
</failure>
  </testcase>
  <testcase name="testGetByLogin" classname="com.example.servise.UserServiceImplTest" time="0.011"/>
</testsuite>